2015-08-18 12:10:41,945 INFO  [Log] browser is being launched 
2015-08-18 12:10:41,946 INFO  [Log] browser has been launched 
2015-08-18 12:43:18,845 INFO  [Log] browser is being launched 
2015-08-18 12:43:18,845 INFO  [Log] browser has been launched 
2015-08-18 12:43:34,269 INFO  [Log] **************************************************************************************** 
2015-08-18 12:43:34,270 INFO  [Log] **************************************************************************************** 
2015-08-18 12:43:34,270 INFO  [Log] $$$$$$$$$$$$$$$$$$$$$                 QA_66_VerizonNonEdgeExchange       $$$$$$$$$$$$$$$$$$$$$$$$$ 
2015-08-18 12:43:34,270 INFO  [Log] **************************************************************************************** 
2015-08-18 12:43:34,270 INFO  [Log] **************************************************************************************** 
2015-08-18 12:44:30,941 INFO  [Log] browser is being launched 
2015-08-18 12:44:30,942 INFO  [Log] browser has been launched 
2015-08-18 12:55:05,475 INFO  [Log] browser is being launched 
2015-08-18 12:55:05,475 INFO  [Log] browser has been launched 
2015-08-18 12:55:20,052 INFO  [Log] **************************************************************************************** 
2015-08-18 12:55:20,052 INFO  [Log] **************************************************************************************** 
2015-08-18 12:55:20,052 INFO  [Log] $$$$$$$$$$$$$$$$$$$$$                 QA_66_VerizonNonEdgeExchange       $$$$$$$$$$$$$$$$$$$$$$$$$ 
2015-08-18 12:55:20,052 INFO  [Log] **************************************************************************************** 
2015-08-18 12:55:20,052 INFO  [Log] **************************************************************************************** 
2015-08-18 13:00:03,160 INFO  [Log] browser is being launched 
2015-08-18 13:00:03,161 INFO  [Log] browser has been launched 
2015-08-18 13:08:48,852 INFO  [Log] browser is being launched 
2015-08-18 13:08:48,853 INFO  [Log] browser has been launched 
2015-08-18 13:10:38,382 INFO  [Log] **************************************************************************************** 
2015-08-18 13:10:38,383 INFO  [Log] **************************************************************************************** 
2015-08-18 13:10:38,383 INFO  [Log] $$$$$$$$$$$$$$$$$$$$$                 QA_66_VerizonNonEdgeExchange       $$$$$$$$$$$$$$$$$$$$$$$$$ 
2015-08-18 13:10:38,383 INFO  [Log] **************************************************************************************** 
2015-08-18 13:10:38,383 INFO  [Log] **************************************************************************************** 
2015-08-18 14:35:14,221 INFO  [Log] browser is being launched 
2015-08-18 14:35:14,222 INFO  [Log] browser has been launched 
2015-08-18 14:36:56,491 INFO  [Log] **************************************************************************************** 
2015-08-18 14:36:56,491 INFO  [Log] **************************************************************************************** 
2015-08-18 14:36:56,491 INFO  [Log] $$$$$$$$$$$$$$$$$$$$$                 QA_66_VerizonNonEdgeExchange       $$$$$$$$$$$$$$$$$$$$$$$$$ 
2015-08-18 14:36:56,492 INFO  [Log] **************************************************************************************** 
2015-08-18 14:36:56,492 INFO  [Log] **************************************************************************************** 
2015-08-18 14:43:56,792 INFO  [Log] browser is being launched 
2015-08-18 14:43:56,793 INFO  [Log] browser has been launched 
2015-08-18 14:54:04,337 INFO  [Log] **************************************************************************************** 
2015-08-18 14:54:04,338 INFO  [Log] **************************************************************************************** 
2015-08-18 14:54:04,338 INFO  [Log] $$$$$$$$$$$$$$$$$$$$$                 QA_66_VerizonNonEdgeExchange       $$$$$$$$$$$$$$$$$$$$$$$$$ 
2015-08-18 14:54:04,339 INFO  [Log] **************************************************************************************** 
2015-08-18 14:54:04,339 INFO  [Log] **************************************************************************************** 
2015-08-18 15:14:13,436 INFO  [Log] browser is being launched 
2015-08-18 15:14:13,437 INFO  [Log] browser has been launched 
2015-08-18 15:15:08,955 INFO  [Log] **************************************************************************************** 
2015-08-18 15:15:08,956 INFO  [Log] **************************************************************************************** 
2015-08-18 15:15:08,957 INFO  [Log] $$$$$$$$$$$$$$$$$$$$$                 QA_66_VerizonNonEdgeExchange       $$$$$$$$$$$$$$$$$$$$$$$$$ 
2015-08-18 15:15:08,958 INFO  [Log] **************************************************************************************** 
2015-08-18 15:15:08,958 INFO  [Log] **************************************************************************************** 
2015-08-18 15:34:02,258 INFO  [Log] browser is being launched 
2015-08-18 15:34:02,258 INFO  [Log] browser has been launched 
2015-08-18 15:34:17,140 INFO  [Log] **************************************************************************************** 
2015-08-18 15:34:17,140 INFO  [Log] **************************************************************************************** 
2015-08-18 15:34:17,140 INFO  [Log] $$$$$$$$$$$$$$$$$$$$$                 QA_66_VerizonNonEdgeExchange       $$$$$$$$$$$$$$$$$$$$$$$$$ 
2015-08-18 15:34:17,140 INFO  [Log] **************************************************************************************** 
2015-08-18 15:34:17,140 INFO  [Log] **************************************************************************************** 
2015-08-18 15:36:35,518 INFO  [Log] browser is being launched 
2015-08-18 15:36:35,519 INFO  [Log] browser has been launched 
2015-08-18 15:36:47,933 INFO  [Log] **************************************************************************************** 
2015-08-18 15:36:47,933 INFO  [Log] **************************************************************************************** 
2015-08-18 15:36:47,934 INFO  [Log] $$$$$$$$$$$$$$$$$$$$$                 QA_66_VerizonNonEdgeExchange       $$$$$$$$$$$$$$$$$$$$$$$$$ 
2015-08-18 15:36:47,934 INFO  [Log] **************************************************************************************** 
2015-08-18 15:36:47,934 INFO  [Log] **************************************************************************************** 
2015-08-18 15:42:04,533 INFO  [Log] browser is being launched 
2015-08-18 15:42:04,534 INFO  [Log] browser has been launched 
2015-08-18 15:42:51,047 INFO  [Log] **************************************************************************************** 
2015-08-18 15:42:51,047 INFO  [Log] **************************************************************************************** 
2015-08-18 15:42:51,047 INFO  [Log] $$$$$$$$$$$$$$$$$$$$$                 QA_66_VerizonNonEdgeExchange       $$$$$$$$$$$$$$$$$$$$$$$$$ 
2015-08-18 15:42:51,047 INFO  [Log] **************************************************************************************** 
2015-08-18 15:42:51,047 INFO  [Log] **************************************************************************************** 
2015-08-18 16:20:28,718 INFO  [Log] browser is being launched 
2015-08-18 16:20:28,719 INFO  [Log] browser has been launched 
2015-08-18 16:20:43,622 INFO  [Log] **************************************************************************************** 
2015-08-18 16:20:43,622 INFO  [Log] **************************************************************************************** 
2015-08-18 16:20:43,622 INFO  [Log] $$$$$$$$$$$$$$$$$$$$$                 QA_66_VerizonNonEdgeExchange       $$$$$$$$$$$$$$$$$$$$$$$$$ 
2015-08-18 16:20:43,623 INFO  [Log] **************************************************************************************** 
2015-08-18 16:20:43,623 INFO  [Log] **************************************************************************************** 
2015-08-18 17:08:00,576 INFO  [Log] browser is being launched 
2015-08-18 17:08:00,577 INFO  [Log] browser has been launched 
2015-08-18 17:08:13,631 INFO  [Log] **************************************************************************************** 
2015-08-18 17:08:13,631 INFO  [Log] **************************************************************************************** 
2015-08-18 17:08:13,631 INFO  [Log] $$$$$$$$$$$$$$$$$$$$$                 QA_58_VerizonNonEdgeExchange       $$$$$$$$$$$$$$$$$$$$$$$$$ 
2015-08-18 17:08:13,631 INFO  [Log] **************************************************************************************** 
2015-08-18 17:08:13,631 INFO  [Log] **************************************************************************************** 
2015-08-18 17:10:05,960 INFO  [Log] browser is being launched 
2015-08-18 17:10:05,960 INFO  [Log] browser has been launched 
2015-08-18 17:10:17,329 INFO  [Log] **************************************************************************************** 
2015-08-18 17:10:17,329 INFO  [Log] **************************************************************************************** 
2015-08-18 17:10:17,329 INFO  [Log] $$$$$$$$$$$$$$$$$$$$$                 QA_58_VerizonNonEdgeExchange       $$$$$$$$$$$$$$$$$$$$$$$$$ 
2015-08-18 17:10:17,329 INFO  [Log] **************************************************************************************** 
2015-08-18 17:10:17,329 INFO  [Log] **************************************************************************************** 
2015-08-19 12:29:17,001 INFO  [Log] browser is being launched 
2015-08-19 12:29:17,002 INFO  [Log] browser has been launched 
2015-08-19 12:31:12,646 INFO  [Log] **************************************************************************************** 
2015-08-19 12:31:12,646 INFO  [Log] **************************************************************************************** 
2015-08-19 12:31:12,646 INFO  [Log] $$$$$$$$$$$$$$$$$$$$$                 QA_58_VerizonNonEdgeExchange       $$$$$$$$$$$$$$$$$$$$$$$$$ 
2015-08-19 12:31:12,647 INFO  [Log] **************************************************************************************** 
2015-08-19 12:31:12,647 INFO  [Log] **************************************************************************************** 
2015-08-19 12:31:54,069 ERROR [Log] Unable to locate element: {"method":"xpath","selector":"//th[contains(text(),'verizon')]"}
Command duration or timeout: 15 milliseconds
For documentation on this error, please visit: http://seleniumhq.org/exceptions/no_such_element.html
Build info: version: '2.44.0', revision: '76d78cf323ce037c5f92db6c1bba601c2ac43ad8', time: '2014-10-23 13:11:40'
System info: host: 'MTALT343', ip: '10.98.7.121', os.name: 'Windows 7', os.arch: 'amd64', os.version: '6.1', java.version: '1.8.0_40'
Driver info: org.openqa.selenium.firefox.FirefoxDriver
Capabilities [{applicationCacheEnabled=true, rotatable=false, handlesAlerts=true, databaseEnabled=true, version=33.0, platform=WINDOWS, nativeEvents=true, acceptSslCerts=true, webStorageEnabled=true, locationContextEnabled=true, browserName=firefox, takesScreenshot=true, javascriptEnabled=true, cssSelectorsEnabled=true}]
Session ID: e77bce58-fecc-4673-afe4-974bb4607b58 
2015-08-19 12:42:58,947 INFO  [Log] browser is being launched 
2015-08-19 12:42:58,948 INFO  [Log] browser has been launched 
2015-08-19 13:06:30,014 INFO  [Log] browser is being launched 
2015-08-19 13:06:30,015 INFO  [Log] browser has been launched 
2015-08-19 13:12:45,017 INFO  [Log] browser is being launched 
2015-08-19 13:12:45,018 INFO  [Log] browser has been launched 
2015-08-19 14:34:05,588 INFO  [Log] browser is being launched 
2015-08-19 14:34:05,589 INFO  [Log] browser has been launched 
2015-08-19 14:37:14,478 INFO  [Log] **************************************************************************************** 
2015-08-19 14:37:14,479 INFO  [Log] **************************************************************************************** 
2015-08-19 14:37:14,479 INFO  [Log] $$$$$$$$$$$$$$$$$$$$$                 QA_58_VerizonNonEdgeExchange       $$$$$$$$$$$$$$$$$$$$$$$$$ 
2015-08-19 14:37:14,480 INFO  [Log] **************************************************************************************** 
2015-08-19 14:37:14,480 INFO  [Log] **************************************************************************************** 
2015-08-19 14:42:06,575 INFO  [Log] browser is being launched 
2015-08-19 14:42:06,576 INFO  [Log] browser has been launched 
2015-08-19 14:42:34,143 ERROR [Log] Timed out waiting for page load.
Command duration or timeout: 10.02 seconds
Build info: version: '2.44.0', revision: '76d78cf323ce037c5f92db6c1bba601c2ac43ad8', time: '2014-10-23 13:11:40'
System info: host: 'MTALT343', ip: '10.98.7.121', os.name: 'Windows 7', os.arch: 'amd64', os.version: '6.1', java.version: '1.8.0_40'
Driver info: org.openqa.selenium.firefox.FirefoxDriver
Capabilities [{applicationCacheEnabled=true, rotatable=false, handlesAlerts=true, databaseEnabled=true, version=33.0, platform=WINDOWS, nativeEvents=true, acceptSslCerts=true, webStorageEnabled=true, locationContextEnabled=true, browserName=firefox, takesScreenshot=true, javascriptEnabled=true, cssSelectorsEnabled=true}]
Session ID: d0f7e549-24d4-4006-b24b-c16314243d00 
2015-08-19 14:43:33,640 INFO  [Log] browser is being launched 
2015-08-19 14:43:33,640 INFO  [Log] browser has been launched 
2015-08-19 14:45:23,407 INFO  [Log] **************************************************************************************** 
2015-08-19 14:45:23,407 INFO  [Log] **************************************************************************************** 
2015-08-19 14:45:23,407 INFO  [Log] $$$$$$$$$$$$$$$$$$$$$                 QA_58_VerizonNonEdgeExchange       $$$$$$$$$$$$$$$$$$$$$$$$$ 
2015-08-19 14:45:23,407 INFO  [Log] **************************************************************************************** 
2015-08-19 14:45:23,407 INFO  [Log] **************************************************************************************** 
2015-08-19 14:45:58,573 ERROR [Log] Unable to locate element: {"method":"xpath","selector":"//th[contains(text(),'verizon')]"}
Command duration or timeout: 16 milliseconds
For documentation on this error, please visit: http://seleniumhq.org/exceptions/no_such_element.html
Build info: version: '2.44.0', revision: '76d78cf323ce037c5f92db6c1bba601c2ac43ad8', time: '2014-10-23 13:11:40'
System info: host: 'MTALT343', ip: '10.98.7.121', os.name: 'Windows 7', os.arch: 'amd64', os.version: '6.1', java.version: '1.8.0_40'
Driver info: org.openqa.selenium.firefox.FirefoxDriver
Capabilities [{applicationCacheEnabled=true, rotatable=false, handlesAlerts=true, databaseEnabled=true, version=33.0, platform=WINDOWS, nativeEvents=true, acceptSslCerts=true, webStorageEnabled=true, locationContextEnabled=true, browserName=firefox, takesScreenshot=true, javascriptEnabled=true, cssSelectorsEnabled=true}]
Session ID: f3917afe-67c3-4000-a48a-b449a98f4af7 
2015-08-19 14:50:02,417 INFO  [Log] browser is being launched 
2015-08-19 14:50:02,418 INFO  [Log] browser has been launched 
2015-08-19 14:51:17,245 INFO  [Log] **************************************************************************************** 
2015-08-19 14:51:17,245 INFO  [Log] **************************************************************************************** 
2015-08-19 14:51:17,245 INFO  [Log] $$$$$$$$$$$$$$$$$$$$$                 QA_58_VerizonNonEdgeExchange       $$$$$$$$$$$$$$$$$$$$$$$$$ 
2015-08-19 14:51:17,245 INFO  [Log] **************************************************************************************** 
2015-08-19 14:51:17,246 INFO  [Log] **************************************************************************************** 
2015-08-19 15:03:26,357 INFO  [Log] browser is being launched 
2015-08-19 15:03:26,358 INFO  [Log] browser has been launched 
2015-08-19 15:04:40,723 INFO  [Log] **************************************************************************************** 
2015-08-19 15:04:40,723 INFO  [Log] **************************************************************************************** 
2015-08-19 15:04:40,723 INFO  [Log] $$$$$$$$$$$$$$$$$$$$$                 QA_58_VerizonNonEdgeExchange       $$$$$$$$$$$$$$$$$$$$$$$$$ 
2015-08-19 15:04:40,723 INFO  [Log] **************************************************************************************** 
2015-08-19 15:04:40,723 INFO  [Log] **************************************************************************************** 
2015-08-19 15:06:50,499 ERROR [Log] Timed out after 60 seconds waiting for visibility of Proxy element for: org.openqa.selenium.support.pagefactory.DefaultElementLocator@78f9ed3e
Build info: version: '2.44.0', revision: '76d78cf323ce037c5f92db6c1bba601c2ac43ad8', time: '2014-10-23 13:11:40'
System info: host: 'MTALT343', ip: '10.98.7.121', os.name: 'Windows 7', os.arch: 'amd64', os.version: '6.1', java.version: '1.8.0_40'
Driver info: org.openqa.selenium.firefox.FirefoxDriver
Capabilities [{applicationCacheEnabled=true, rotatable=false, handlesAlerts=true, databaseEnabled=true, version=33.0, platform=WINDOWS, nativeEvents=true, acceptSslCerts=true, webStorageEnabled=true, locationContextEnabled=true, browserName=firefox, takesScreenshot=true, javascriptEnabled=true, cssSelectorsEnabled=true}]
Session ID: 7fb26954-44a2-4d20-89d4-5c83ed9203ba 
2015-08-19 15:21:02,874 INFO  [Log] browser is being launched 
2015-08-19 15:21:02,876 INFO  [Log] browser has been launched 
2015-08-19 15:22:20,388 INFO  [Log] **************************************************************************************** 
2015-08-19 15:22:20,388 INFO  [Log] **************************************************************************************** 
2015-08-19 15:22:20,388 INFO  [Log] $$$$$$$$$$$$$$$$$$$$$                 QA_58_VerizonNonEdgeExchange       $$$$$$$$$$$$$$$$$$$$$$$$$ 
2015-08-19 15:22:20,388 INFO  [Log] **************************************************************************************** 
2015-08-19 15:22:20,388 INFO  [Log] **************************************************************************************** 
2015-08-19 15:23:40,665 ERROR [Log] Timed out after 60 seconds waiting for visibility of Proxy element for: org.openqa.selenium.support.pagefactory.DefaultElementLocator@5ba745bc
Build info: version: '2.44.0', revision: '76d78cf323ce037c5f92db6c1bba601c2ac43ad8', time: '2014-10-23 13:11:40'
System info: host: 'MTALT343', ip: '10.98.7.121', os.name: 'Windows 7', os.arch: 'amd64', os.version: '6.1', java.version: '1.8.0_40'
Driver info: org.openqa.selenium.firefox.FirefoxDriver
Capabilities [{applicationCacheEnabled=true, rotatable=false, handlesAlerts=true, databaseEnabled=true, version=33.0, platform=WINDOWS, nativeEvents=true, acceptSslCerts=true, webStorageEnabled=true, locationContextEnabled=true, browserName=firefox, takesScreenshot=true, javascriptEnabled=true, cssSelectorsEnabled=true}]
Session ID: 3c6bfb4d-5962-4a03-ba0a-1d01e838811f 
2015-08-19 15:30:44,860 INFO  [Log] browser is being launched 
2015-08-19 15:30:44,861 INFO  [Log] browser has been launched 
2015-08-19 15:31:59,659 INFO  [Log] **************************************************************************************** 
2015-08-19 15:31:59,659 INFO  [Log] **************************************************************************************** 
2015-08-19 15:31:59,659 INFO  [Log] $$$$$$$$$$$$$$$$$$$$$                 QA_58_VerizonNonEdgeExchange       $$$$$$$$$$$$$$$$$$$$$$$$$ 
2015-08-19 15:31:59,659 INFO  [Log] **************************************************************************************** 
2015-08-19 15:31:59,659 INFO  [Log] **************************************************************************************** 
2015-08-19 15:33:24,423 ERROR [Log] Timed out after 60 seconds waiting for visibility of Proxy element for: org.openqa.selenium.support.pagefactory.DefaultElementLocator@3f3c7bdb
Build info: version: '2.44.0', revision: '76d78cf323ce037c5f92db6c1bba601c2ac43ad8', time: '2014-10-23 13:11:40'
System info: host: 'MTALT343', ip: '10.98.7.121', os.name: 'Windows 7', os.arch: 'amd64', os.version: '6.1', java.version: '1.8.0_40'
Driver info: org.openqa.selenium.firefox.FirefoxDriver
Capabilities [{applicationCacheEnabled=true, rotatable=false, handlesAlerts=true, databaseEnabled=true, version=33.0, platform=WINDOWS, nativeEvents=true, acceptSslCerts=true, webStorageEnabled=true, locationContextEnabled=true, browserName=firefox, takesScreenshot=true, javascriptEnabled=true, cssSelectorsEnabled=true}]
Session ID: 3d959195-6676-4d0b-9f85-562c3234ddb3 
2015-08-19 15:48:26,139 INFO  [Log] browser is being launched 
2015-08-19 15:48:26,139 INFO  [Log] browser has been launched 
2015-08-19 15:49:39,954 INFO  [Log] **************************************************************************************** 
2015-08-19 15:49:39,954 INFO  [Log] **************************************************************************************** 
2015-08-19 15:49:39,954 INFO  [Log] $$$$$$$$$$$$$$$$$$$$$                 QA_58_VerizonNonEdgeExchange       $$$$$$$$$$$$$$$$$$$$$$$$$ 
2015-08-19 15:49:39,955 INFO  [Log] **************************************************************************************** 
2015-08-19 15:49:39,955 INFO  [Log] **************************************************************************************** 
2015-08-19 15:51:48,675 ERROR [Log] Timed out after 60 seconds waiting for visibility of Proxy element for: org.openqa.selenium.support.pagefactory.DefaultElementLocator@78f9ed3e
Build info: version: '2.44.0', revision: '76d78cf323ce037c5f92db6c1bba601c2ac43ad8', time: '2014-10-23 13:11:40'
System info: host: 'MTALT343', ip: '10.98.7.121', os.name: 'Windows 7', os.arch: 'amd64', os.version: '6.1', java.version: '1.8.0_40'
Driver info: org.openqa.selenium.firefox.FirefoxDriver
Capabilities [{applicationCacheEnabled=true, rotatable=false, handlesAlerts=true, databaseEnabled=true, version=33.0, platform=WINDOWS, nativeEvents=true, acceptSslCerts=true, webStorageEnabled=true, locationContextEnabled=true, browserName=firefox, takesScreenshot=true, javascriptEnabled=true, cssSelectorsEnabled=true}]
Session ID: eabb8444-7e2a-4945-91b8-5adb4629108b 
2015-08-19 15:57:11,775 INFO  [Log] browser is being launched 
2015-08-19 15:57:11,775 INFO  [Log] browser has been launched 
2015-08-19 15:58:27,562 INFO  [Log] **************************************************************************************** 
2015-08-19 15:58:27,562 INFO  [Log] **************************************************************************************** 
2015-08-19 15:58:27,562 INFO  [Log] $$$$$$$$$$$$$$$$$$$$$                 QA_58_VerizonNonEdgeExchange       $$$$$$$$$$$$$$$$$$$$$$$$$ 
2015-08-19 15:58:27,562 INFO  [Log] **************************************************************************************** 
2015-08-19 15:58:27,562 INFO  [Log] **************************************************************************************** 
2015-08-19 16:00:11,959 ERROR [Log] Timed out after 60 seconds waiting for visibility of Proxy element for: org.openqa.selenium.support.pagefactory.DefaultElementLocator@1059754c
Build info: version: '2.44.0', revision: '76d78cf323ce037c5f92db6c1bba601c2ac43ad8', time: '2014-10-23 13:11:40'
System info: host: 'MTALT343', ip: '10.98.7.121', os.name: 'Windows 7', os.arch: 'amd64', os.version: '6.1', java.version: '1.8.0_40'
Driver info: org.openqa.selenium.firefox.FirefoxDriver
Capabilities [{applicationCacheEnabled=true, rotatable=false, handlesAlerts=true, databaseEnabled=true, version=33.0, platform=WINDOWS, nativeEvents=true, acceptSslCerts=true, webStorageEnabled=true, locationContextEnabled=true, browserName=firefox, takesScreenshot=true, javascriptEnabled=true, cssSelectorsEnabled=true}]
Session ID: fad85304-f7ea-486d-816d-45aa0b5171fb 
2015-08-19 16:03:42,785 INFO  [Log] browser is being launched 
2015-08-19 16:03:42,787 INFO  [Log] browser has been launched 
2015-08-19 16:04:58,876 INFO  [Log] **************************************************************************************** 
2015-08-19 16:04:58,876 INFO  [Log] **************************************************************************************** 
2015-08-19 16:04:58,876 INFO  [Log] $$$$$$$$$$$$$$$$$$$$$                 QA_58_VerizonNonEdgeExchange       $$$$$$$$$$$$$$$$$$$$$$$$$ 
2015-08-19 16:04:58,876 INFO  [Log] **************************************************************************************** 
2015-08-19 16:04:58,876 INFO  [Log] **************************************************************************************** 
2015-08-19 16:15:01,281 INFO  [Log] browser is being launched 
2015-08-19 16:15:01,282 INFO  [Log] browser has been launched 
2015-08-19 16:16:14,657 INFO  [Log] **************************************************************************************** 
2015-08-19 16:16:14,657 INFO  [Log] **************************************************************************************** 
2015-08-19 16:16:14,657 INFO  [Log] $$$$$$$$$$$$$$$$$$$$$                 QA_58_VerizonNonEdgeExchange       $$$$$$$$$$$$$$$$$$$$$$$$$ 
2015-08-19 16:16:14,657 INFO  [Log] **************************************************************************************** 
2015-08-19 16:16:14,658 INFO  [Log] **************************************************************************************** 
2015-08-19 16:36:46,242 INFO  [Log] browser is being launched 
2015-08-19 16:36:46,259 INFO  [Log] browser has been launched 
2015-08-19 16:37:11,594 ERROR [Log] Timed out waiting for page load.
Command duration or timeout: 10.02 seconds
Build info: version: '2.44.0', revision: '76d78cf323ce037c5f92db6c1bba601c2ac43ad8', time: '2014-10-23 13:11:40'
System info: host: 'MTALT343', ip: '10.98.54.212', os.name: 'Windows 7', os.arch: 'amd64', os.version: '6.1', java.version: '1.8.0_40'
Driver info: org.openqa.selenium.firefox.FirefoxDriver
Capabilities [{applicationCacheEnabled=true, rotatable=false, handlesAlerts=true, databaseEnabled=true, version=33.0, platform=WINDOWS, nativeEvents=true, acceptSslCerts=true, webStorageEnabled=true, locationContextEnabled=true, browserName=firefox, takesScreenshot=true, javascriptEnabled=true, cssSelectorsEnabled=true}]
Session ID: 582b0a0f-2a2e-4677-9ead-1d81d270d3db 
2015-08-19 16:59:58,128 INFO  [Log] browser is being launched 
2015-08-19 16:59:58,129 INFO  [Log] browser has been launched 
2015-08-19 17:01:10,610 INFO  [Log] **************************************************************************************** 
2015-08-19 17:01:10,610 INFO  [Log] **************************************************************************************** 
2015-08-19 17:01:10,610 INFO  [Log] $$$$$$$$$$$$$$$$$$$$$                 QA_58_VerizonNonEdgeExchange       $$$$$$$$$$$$$$$$$$$$$$$$$ 
2015-08-19 17:01:10,610 INFO  [Log] **************************************************************************************** 
2015-08-19 17:01:10,610 INFO  [Log] **************************************************************************************** 
2015-08-20 13:17:20,324 INFO  [Log] browser is being launched 
2015-08-20 13:17:20,338 INFO  [Log] browser has been launched 
2015-08-20 13:17:34,937 INFO  [Log] **************************************************************************************** 
2015-08-20 13:17:34,937 INFO  [Log] **************************************************************************************** 
2015-08-20 13:17:34,937 INFO  [Log] $$$$$$$$$$$$$$$$$$$$$                 QA_5574_VerizonNonEdgeWithDeposit       $$$$$$$$$$$$$$$$$$$$$$$$$ 
2015-08-20 13:17:34,937 INFO  [Log] **************************************************************************************** 
2015-08-20 13:17:34,937 INFO  [Log] **************************************************************************************** 
2015-08-20 13:20:57,169 INFO  [Log] browser is being launched 
2015-08-20 13:20:57,170 INFO  [Log] browser has been launched 
2015-08-20 13:21:08,770 INFO  [Log] **************************************************************************************** 
2015-08-20 13:21:08,771 INFO  [Log] **************************************************************************************** 
2015-08-20 13:21:08,771 INFO  [Log] $$$$$$$$$$$$$$$$$$$$$                 QA_5574_VerizonNonEdgeWithDeposit       $$$$$$$$$$$$$$$$$$$$$$$$$ 
2015-08-20 13:21:08,771 INFO  [Log] **************************************************************************************** 
2015-08-20 13:21:08,771 INFO  [Log] **************************************************************************************** 
2015-08-20 13:23:08,268 INFO  [Log] **************************************************************************************** 
2015-08-20 13:23:08,268 INFO  [Log] **************************************************************************************** 
2015-08-20 13:23:08,268 INFO  [Log] $$$$$$$$$$$$$$$$$$$$$                 QA_5574_VerizonNonEdgeWithDeposit       $$$$$$$$$$$$$$$$$$$$$$$$$ 
2015-08-20 13:23:08,268 INFO  [Log] **************************************************************************************** 
2015-08-20 13:23:08,268 INFO  [Log] **************************************************************************************** 
2015-08-21 11:18:14,973 INFO  [Log] browser is being launched 
2015-08-21 11:18:14,991 INFO  [Log] browser has been launched 
2015-08-21 11:19:27,290 INFO  [Log] **************************************************************************************** 
2015-08-21 11:19:27,290 INFO  [Log] **************************************************************************************** 
2015-08-21 11:19:27,291 INFO  [Log] $$$$$$$$$$$$$$$$$$$$$                 QA_58_VerizonNonEdgeExchange       $$$$$$$$$$$$$$$$$$$$$$$$$ 
2015-08-21 11:19:27,291 INFO  [Log] **************************************************************************************** 
2015-08-21 11:19:27,291 INFO  [Log] **************************************************************************************** 
2015-08-21 11:26:44,916 ERROR [Log] Unable to locate element: {"method":"xpath","selector":"//button[@value='proceedWithUpgrade']"}
Command duration or timeout: 4.22 seconds
For documentation on this error, please visit: http://seleniumhq.org/exceptions/no_such_element.html
Build info: version: '2.44.0', revision: '76d78cf323ce037c5f92db6c1bba601c2ac43ad8', time: '2014-10-23 13:11:40'
System info: host: 'MTALT343', ip: '10.98.7.121', os.name: 'Windows 7', os.arch: 'amd64', os.version: '6.1', java.version: '1.8.0_40'
Driver info: org.openqa.selenium.firefox.FirefoxDriver
Capabilities [{applicationCacheEnabled=true, rotatable=false, handlesAlerts=true, databaseEnabled=true, version=33.0, platform=WINDOWS, nativeEvents=true, acceptSslCerts=true, webStorageEnabled=true, locationContextEnabled=true, browserName=firefox, takesScreenshot=true, javascriptEnabled=true, cssSelectorsEnabled=true}]
Session ID: d1e03e7b-d088-4db7-8be9-4a26d135d01e 
2015-08-21 11:54:52,961 INFO  [Log] browser is being launched 
2015-08-21 11:54:52,963 INFO  [Log] browser has been launched 
2015-08-21 11:55:25,571 INFO  [Log] browser is being launched 
2015-08-21 11:55:25,572 INFO  [Log] browser has been launched 
2015-08-21 11:56:35,725 INFO  [Log] **************************************************************************************** 
2015-08-21 11:56:35,725 INFO  [Log] **************************************************************************************** 
2015-08-21 11:56:35,725 INFO  [Log] $$$$$$$$$$$$$$$$$$$$$                 QA_58_VerizonNonEdgeExchange       $$$$$$$$$$$$$$$$$$$$$$$$$ 
2015-08-21 11:56:35,725 INFO  [Log] **************************************************************************************** 
2015-08-21 11:56:35,725 INFO  [Log] **************************************************************************************** 
2015-08-21 11:56:53,956 ERROR [Log] Unable to locate element: {"method":"xpath","selector":"//table[@id='carriers']//th[contains(text(),'verizon')]"}
Command duration or timeout: 28 milliseconds
For documentation on this error, please visit: http://seleniumhq.org/exceptions/no_such_element.html
Build info: version: '2.44.0', revision: '76d78cf323ce037c5f92db6c1bba601c2ac43ad8', time: '2014-10-23 13:11:40'
System info: host: 'MTALT343', ip: '10.98.7.121', os.name: 'Windows 7', os.arch: 'amd64', os.version: '6.1', java.version: '1.8.0_40'
Driver info: org.openqa.selenium.firefox.FirefoxDriver
Capabilities [{applicationCacheEnabled=true, rotatable=false, handlesAlerts=true, databaseEnabled=true, version=33.0, platform=WINDOWS, nativeEvents=true, acceptSslCerts=true, webStorageEnabled=true, locationContextEnabled=true, browserName=firefox, takesScreenshot=true, javascriptEnabled=true, cssSelectorsEnabled=true}]
Session ID: 3342bbbc-b5e3-4eec-b2dc-c27f50b8f468 
2015-08-21 11:57:51,895 INFO  [Log] browser is being launched 
2015-08-21 11:57:51,896 INFO  [Log] browser has been launched 
2015-08-21 11:59:02,721 INFO  [Log] **************************************************************************************** 
2015-08-21 11:59:02,721 INFO  [Log] **************************************************************************************** 
2015-08-21 11:59:02,721 INFO  [Log] $$$$$$$$$$$$$$$$$$$$$                 QA_58_VerizonNonEdgeExchange       $$$$$$$$$$$$$$$$$$$$$$$$$ 
2015-08-21 11:59:02,721 INFO  [Log] **************************************************************************************** 
2015-08-21 11:59:02,721 INFO  [Log] **************************************************************************************** 
2015-08-21 11:59:21,222 ERROR [Log] Unable to locate element: {"method":"xpath","selector":"//table[@id='carriers']//th[contains(text(),'verizon')]"}
Command duration or timeout: 13 milliseconds
For documentation on this error, please visit: http://seleniumhq.org/exceptions/no_such_element.html
Build info: version: '2.44.0', revision: '76d78cf323ce037c5f92db6c1bba601c2ac43ad8', time: '2014-10-23 13:11:40'
System info: host: 'MTALT343', ip: '10.98.7.121', os.name: 'Windows 7', os.arch: 'amd64', os.version: '6.1', java.version: '1.8.0_40'
Driver info: org.openqa.selenium.firefox.FirefoxDriver
Capabilities [{applicationCacheEnabled=true, rotatable=false, handlesAlerts=true, databaseEnabled=true, version=33.0, platform=WINDOWS, nativeEvents=true, acceptSslCerts=true, webStorageEnabled=true, locationContextEnabled=true, browserName=firefox, takesScreenshot=true, javascriptEnabled=true, cssSelectorsEnabled=true}]
Session ID: 5de2e9b6-ad9c-4fa9-8b8d-a71d83df46a1 
2015-08-21 11:59:56,809 INFO  [Log] browser is being launched 
2015-08-21 11:59:56,810 INFO  [Log] browser has been launched 
2015-08-21 12:01:10,123 INFO  [Log] **************************************************************************************** 
2015-08-21 12:01:10,124 INFO  [Log] **************************************************************************************** 
2015-08-21 12:01:10,124 INFO  [Log] $$$$$$$$$$$$$$$$$$$$$                 QA_58_VerizonNonEdgeExchange       $$$$$$$$$$$$$$$$$$$$$$$$$ 
2015-08-21 12:01:10,124 INFO  [Log] **************************************************************************************** 
2015-08-21 12:01:10,124 INFO  [Log] **************************************************************************************** 
2015-08-21 12:02:36,459 INFO  [Log] browser is being launched 
2015-08-21 12:02:36,460 INFO  [Log] browser has been launched 
2015-08-21 12:03:15,779 INFO  [Log] **************************************************************************************** 
2015-08-21 12:03:15,779 INFO  [Log] **************************************************************************************** 
2015-08-21 12:03:15,779 INFO  [Log] $$$$$$$$$$$$$$$$$$$$$                 QA_58_VerizonNonEdgeExchange       $$$$$$$$$$$$$$$$$$$$$$$$$ 
2015-08-21 12:03:15,779 INFO  [Log] **************************************************************************************** 
2015-08-21 12:03:15,779 INFO  [Log] **************************************************************************************** 
2015-08-21 12:03:33,923 ERROR [Log] Unable to locate element: {"method":"xpath","selector":"//table[@id='carriers']//th[contains(text(),'verizon')]"}
Command duration or timeout: 28 milliseconds
For documentation on this error, please visit: http://seleniumhq.org/exceptions/no_such_element.html
Build info: version: '2.44.0', revision: '76d78cf323ce037c5f92db6c1bba601c2ac43ad8', time: '2014-10-23 13:11:40'
System info: host: 'MTALT343', ip: '10.98.7.121', os.name: 'Windows 7', os.arch: 'amd64', os.version: '6.1', java.version: '1.8.0_40'
Driver info: org.openqa.selenium.firefox.FirefoxDriver
Capabilities [{applicationCacheEnabled=true, rotatable=false, handlesAlerts=true, databaseEnabled=true, version=33.0, platform=WINDOWS, nativeEvents=true, acceptSslCerts=true, webStorageEnabled=true, locationContextEnabled=true, browserName=firefox, takesScreenshot=true, javascriptEnabled=true, cssSelectorsEnabled=true}]
Session ID: e2eb2668-947b-4a6e-9dc9-e62478e76612 
2015-08-21 12:04:16,387 INFO  [Log] browser is being launched 
2015-08-21 12:04:16,388 INFO  [Log] browser has been launched 
2015-08-21 12:05:01,916 INFO  [Log] **************************************************************************************** 
2015-08-21 12:05:01,916 INFO  [Log] **************************************************************************************** 
2015-08-21 12:05:01,916 INFO  [Log] $$$$$$$$$$$$$$$$$$$$$                 QA_58_VerizonNonEdgeExchange       $$$$$$$$$$$$$$$$$$$$$$$$$ 
2015-08-21 12:05:01,916 INFO  [Log] **************************************************************************************** 
2015-08-21 12:05:01,916 INFO  [Log] **************************************************************************************** 
2015-08-21 12:05:42,646 ERROR [Log] Unable to locate element: {"method":"xpath","selector":"//table[@id='carriers']//th[contains(text(),'verizon')]"}
Command duration or timeout: 22 milliseconds
For documentation on this error, please visit: http://seleniumhq.org/exceptions/no_such_element.html
Build info: version: '2.44.0', revision: '76d78cf323ce037c5f92db6c1bba601c2ac43ad8', time: '2014-10-23 13:11:40'
System info: host: 'MTALT343', ip: '10.98.7.121', os.name: 'Windows 7', os.arch: 'amd64', os.version: '6.1', java.version: '1.8.0_40'
Driver info: org.openqa.selenium.firefox.FirefoxDriver
Capabilities [{applicationCacheEnabled=true, rotatable=false, handlesAlerts=true, databaseEnabled=true, version=33.0, platform=WINDOWS, nativeEvents=true, acceptSslCerts=true, webStorageEnabled=true, locationContextEnabled=true, browserName=firefox, takesScreenshot=true, javascriptEnabled=true, cssSelectorsEnabled=true}]
Session ID: 6b495e29-be11-4d41-9359-671c0202f274 
2015-08-21 12:18:57,827 INFO  [Log] browser is being launched 
2015-08-21 12:18:57,828 INFO  [Log] browser has been launched 
2015-08-21 12:19:38,059 INFO  [Log] **************************************************************************************** 
2015-08-21 12:19:38,059 INFO  [Log] **************************************************************************************** 
2015-08-21 12:19:38,059 INFO  [Log] $$$$$$$$$$$$$$$$$$$$$                 QA_58_VerizonNonEdgeExchange       $$$$$$$$$$$$$$$$$$$$$$$$$ 
2015-08-21 12:19:38,059 INFO  [Log] **************************************************************************************** 
2015-08-21 12:19:38,059 INFO  [Log] **************************************************************************************** 
2015-08-21 12:54:10,984 INFO  [Log] browser is being launched 
2015-08-21 12:54:10,985 INFO  [Log] browser has been launched 
2015-08-21 12:55:22,705 INFO  [Log] **************************************************************************************** 
2015-08-21 12:55:22,705 INFO  [Log] **************************************************************************************** 
2015-08-21 12:55:22,705 INFO  [Log] $$$$$$$$$$$$$$$$$$$$$                 QA_58_VerizonNonEdgeExchange       $$$$$$$$$$$$$$$$$$$$$$$$$ 
2015-08-21 12:55:22,705 INFO  [Log] **************************************************************************************** 
2015-08-21 12:55:22,705 INFO  [Log] **************************************************************************************** 
2015-08-21 12:58:11,410 INFO  [Log] browser is being launched 
2015-08-21 12:58:11,411 INFO  [Log] browser has been launched 
2015-08-21 12:59:23,272 INFO  [Log] **************************************************************************************** 
2015-08-21 12:59:23,272 INFO  [Log] **************************************************************************************** 
2015-08-21 12:59:23,272 INFO  [Log] $$$$$$$$$$$$$$$$$$$$$                 QA_58_VerizonNonEdgeExchange       $$$$$$$$$$$$$$$$$$$$$$$$$ 
2015-08-21 12:59:23,272 INFO  [Log] **************************************************************************************** 
2015-08-21 12:59:23,272 INFO  [Log] **************************************************************************************** 
2015-08-21 13:09:59,187 INFO  [Log] browser is being launched 
2015-08-21 13:09:59,188 INFO  [Log] browser has been launched 
2015-08-21 13:11:11,105 INFO  [Log] **************************************************************************************** 
2015-08-21 13:11:11,105 INFO  [Log] **************************************************************************************** 
2015-08-21 13:11:11,105 INFO  [Log] $$$$$$$$$$$$$$$$$$$$$                 QA_58_VerizonNonEdgeExchange       $$$$$$$$$$$$$$$$$$$$$$$$$ 
2015-08-21 13:11:11,105 INFO  [Log] **************************************************************************************** 
2015-08-21 13:11:11,105 INFO  [Log] **************************************************************************************** 
2015-08-21 13:21:31,862 INFO  [Log] browser is being launched 
2015-08-21 13:21:31,863 INFO  [Log] browser has been launched 
2015-08-21 13:22:43,307 INFO  [Log] **************************************************************************************** 
2015-08-21 13:22:43,307 INFO  [Log] **************************************************************************************** 
2015-08-21 13:22:43,307 INFO  [Log] $$$$$$$$$$$$$$$$$$$$$                 QA_58_VerizonNonEdgeExchange       $$$$$$$$$$$$$$$$$$$$$$$$$ 
2015-08-21 13:22:43,307 INFO  [Log] **************************************************************************************** 
2015-08-21 13:22:43,307 INFO  [Log] **************************************************************************************** 
2015-08-21 14:14:28,512 INFO  [Log] browser is being launched 
2015-08-21 14:14:28,513 INFO  [Log] browser has been launched 
2015-08-21 14:15:41,219 INFO  [Log] **************************************************************************************** 
2015-08-21 14:15:41,220 INFO  [Log] **************************************************************************************** 
2015-08-21 14:15:41,220 INFO  [Log] $$$$$$$$$$$$$$$$$$$$$                 QA_58_VerizonNonEdgeExchange       $$$$$$$$$$$$$$$$$$$$$$$$$ 
2015-08-21 14:15:41,220 INFO  [Log] **************************************************************************************** 
2015-08-21 14:15:41,220 INFO  [Log] **************************************************************************************** 
2015-08-21 14:21:17,368 INFO  [Log] browser is being launched 
2015-08-21 14:21:17,369 INFO  [Log] browser has been launched 
2015-08-21 14:22:33,455 INFO  [Log] **************************************************************************************** 
2015-08-21 14:22:33,455 INFO  [Log] **************************************************************************************** 
2015-08-21 14:22:33,455 INFO  [Log] $$$$$$$$$$$$$$$$$$$$$                 QA_58_VerizonNonEdgeExchange       $$$$$$$$$$$$$$$$$$$$$$$$$ 
2015-08-21 14:22:33,455 INFO  [Log] **************************************************************************************** 
2015-08-21 14:22:33,455 INFO  [Log] **************************************************************************************** 
2015-08-21 14:27:43,812 INFO  [Log] browser is being launched 
2015-08-21 14:27:43,813 INFO  [Log] browser has been launched 
2015-08-21 14:31:30,146 INFO  [Log] browser is being launched 
2015-08-21 14:31:30,148 INFO  [Log] browser has been launched 
2015-08-21 14:33:59,684 INFO  [Log] browser is being launched 
2015-08-21 14:33:59,685 INFO  [Log] browser has been launched 
2015-08-21 14:36:34,474 INFO  [Log] browser is being launched 
2015-08-21 14:36:34,475 INFO  [Log] browser has been launched 
2015-08-21 14:39:39,332 INFO  [Log] browser is being launched 
2015-08-21 14:39:39,333 INFO  [Log] browser has been launched 
2015-08-21 14:40:19,749 INFO  [Log] **************************************************************************************** 
2015-08-21 14:40:19,750 INFO  [Log] **************************************************************************************** 
2015-08-21 14:40:19,750 INFO  [Log] $$$$$$$$$$$$$$$$$$$$$                 QA_58_VerizonNonEdgeExchange       $$$$$$$$$$$$$$$$$$$$$$$$$ 
2015-08-21 14:40:19,750 INFO  [Log] **************************************************************************************** 
2015-08-21 14:40:19,750 INFO  [Log] **************************************************************************************** 
2015-08-21 14:53:37,531 INFO  [Log] browser is being launched 
2015-08-21 14:53:37,532 INFO  [Log] browser has been launched 
2015-08-21 14:54:54,521 INFO  [Log] **************************************************************************************** 
2015-08-21 14:54:54,521 INFO  [Log] **************************************************************************************** 
2015-08-21 14:54:54,521 INFO  [Log] $$$$$$$$$$$$$$$$$$$$$                 QA_58_VerizonNonEdgeExchange       $$$$$$$$$$$$$$$$$$$$$$$$$ 
2015-08-21 14:54:54,521 INFO  [Log] **************************************************************************************** 
2015-08-21 14:54:54,521 INFO  [Log] **************************************************************************************** 
2015-08-21 15:00:21,759 INFO  [Log] browser is being launched 
2015-08-21 15:00:21,760 INFO  [Log] browser has been launched 
2015-08-21 15:01:35,265 INFO  [Log] **************************************************************************************** 
2015-08-21 15:01:35,265 INFO  [Log] **************************************************************************************** 
2015-08-21 15:01:35,265 INFO  [Log] $$$$$$$$$$$$$$$$$$$$$                 QA_58_VerizonNonEdgeExchange       $$$$$$$$$$$$$$$$$$$$$$$$$ 
2015-08-21 15:01:35,265 INFO  [Log] **************************************************************************************** 
2015-08-21 15:01:35,265 INFO  [Log] **************************************************************************************** 
2015-08-21 15:04:10,333 ERROR [Log] Unable to locate element: {"method":"xpath","selector":"//button[@value='proceedWithUpgrade']"}
Command duration or timeout: 4.43 seconds
For documentation on this error, please visit: http://seleniumhq.org/exceptions/no_such_element.html
Build info: version: '2.44.0', revision: '76d78cf323ce037c5f92db6c1bba601c2ac43ad8', time: '2014-10-23 13:11:40'
System info: host: 'MTALT343', ip: '10.98.7.121', os.name: 'Windows 7', os.arch: 'amd64', os.version: '6.1', java.version: '1.8.0_40'
Driver info: org.openqa.selenium.firefox.FirefoxDriver
Capabilities [{applicationCacheEnabled=true, rotatable=false, handlesAlerts=true, databaseEnabled=true, version=33.0, platform=WINDOWS, nativeEvents=true, acceptSslCerts=true, webStorageEnabled=true, locationContextEnabled=true, browserName=firefox, takesScreenshot=true, javascriptEnabled=true, cssSelectorsEnabled=true}]
Session ID: c7f559f0-a200-408f-b381-92e0a9ce6ca8 
2015-08-21 15:33:21,602 INFO  [Log] browser is being launched 
2015-08-21 15:33:21,605 INFO  [Log] browser has been launched 
2015-08-21 15:34:33,050 INFO  [Log] **************************************************************************************** 
2015-08-21 15:34:33,050 INFO  [Log] **************************************************************************************** 
2015-08-21 15:34:33,050 INFO  [Log] $$$$$$$$$$$$$$$$$$$$$                 QA_58_VerizonNonEdgeExchange       $$$$$$$$$$$$$$$$$$$$$$$$$ 
2015-08-21 15:34:33,050 INFO  [Log] **************************************************************************************** 
2015-08-21 15:34:33,051 INFO  [Log] **************************************************************************************** 
2015-08-21 15:39:14,212 INFO  [Log] browser is being launched 
2015-08-21 15:39:14,213 INFO  [Log] browser has been launched 
2015-08-21 15:40:26,457 INFO  [Log] **************************************************************************************** 
2015-08-21 15:40:26,457 INFO  [Log] **************************************************************************************** 
2015-08-21 15:40:26,457 INFO  [Log] $$$$$$$$$$$$$$$$$$$$$                 QA_58_VerizonNonEdgeExchange       $$$$$$$$$$$$$$$$$$$$$$$$$ 
2015-08-21 15:40:26,457 INFO  [Log] **************************************************************************************** 
2015-08-21 15:40:26,457 INFO  [Log] **************************************************************************************** 
2015-08-21 15:46:17,183 INFO  [Log] browser is being launched 
2015-08-21 15:46:17,184 INFO  [Log] browser has been launched 
2015-08-21 15:47:32,473 INFO  [Log] **************************************************************************************** 
2015-08-21 15:47:32,473 INFO  [Log] **************************************************************************************** 
2015-08-21 15:47:32,473 INFO  [Log] $$$$$$$$$$$$$$$$$$$$$                 QA_58_VerizonNonEdgeExchange       $$$$$$$$$$$$$$$$$$$$$$$$$ 
2015-08-21 15:47:32,473 INFO  [Log] **************************************************************************************** 
2015-08-21 15:47:32,473 INFO  [Log] **************************************************************************************** 
2015-08-21 16:02:50,824 INFO  [Log] browser is being launched 
2015-08-21 16:02:50,853 INFO  [Log] browser has been launched 
2015-08-21 16:04:05,950 INFO  [Log] **************************************************************************************** 
2015-08-21 16:04:05,950 INFO  [Log] **************************************************************************************** 
2015-08-21 16:04:05,950 INFO  [Log] $$$$$$$$$$$$$$$$$$$$$                 QA_58_VerizonNonEdgeExchange       $$$$$$$$$$$$$$$$$$$$$$$$$ 
2015-08-21 16:04:05,950 INFO  [Log] **************************************************************************************** 
2015-08-21 16:04:05,951 INFO  [Log] **************************************************************************************** 
2015-08-21 16:15:34,622 INFO  [Log] browser is being launched 
2015-08-21 16:15:34,623 INFO  [Log] browser has been launched 
2015-08-21 16:16:46,955 INFO  [Log] **************************************************************************************** 
2015-08-21 16:16:46,955 INFO  [Log] **************************************************************************************** 
2015-08-21 16:16:46,955 INFO  [Log] $$$$$$$$$$$$$$$$$$$$$                 QA_58_VerizonNonEdgeExchange       $$$$$$$$$$$$$$$$$$$$$$$$$ 
2015-08-21 16:16:46,955 INFO  [Log] **************************************************************************************** 
2015-08-21 16:16:46,955 INFO  [Log] **************************************************************************************** 
2015-08-21 16:24:52,459 INFO  [Log] browser is being launched 
2015-08-21 16:24:52,460 INFO  [Log] browser has been launched 
2015-08-21 16:26:05,808 INFO  [Log] **************************************************************************************** 
2015-08-21 16:26:05,808 INFO  [Log] **************************************************************************************** 
2015-08-21 16:26:05,808 INFO  [Log] $$$$$$$$$$$$$$$$$$$$$                 QA_58_VerizonNonEdgeExchange       $$$$$$$$$$$$$$$$$$$$$$$$$ 
2015-08-21 16:26:05,808 INFO  [Log] **************************************************************************************** 
2015-08-21 16:26:05,808 INFO  [Log] **************************************************************************************** 
2015-08-21 16:45:05,207 INFO  [Log] browser is being launched 
2015-08-21 16:45:05,208 INFO  [Log] browser has been launched 
2015-08-21 16:48:24,437 INFO  [Log] browser is being launched 
2015-08-21 16:48:24,439 INFO  [Log] browser has been launched 
2015-08-21 16:52:43,983 INFO  [Log] browser is being launched 
2015-08-21 16:52:43,984 INFO  [Log] browser has been launched 
2015-08-21 16:53:23,939 INFO  [Log] **************************************************************************************** 
2015-08-21 16:53:23,939 INFO  [Log] **************************************************************************************** 
2015-08-21 16:53:23,939 INFO  [Log] $$$$$$$$$$$$$$$$$$$$$                 QA_58_VerizonNonEdgeExchange       $$$$$$$$$$$$$$$$$$$$$$$$$ 
2015-08-21 16:53:23,939 INFO  [Log] **************************************************************************************** 
2015-08-21 16:53:23,939 INFO  [Log] **************************************************************************************** 
2015-08-21 16:56:45,520 ERROR [Log] Element is not currently visible and so may not be interacted with
Command duration or timeout: 9 milliseconds
Build info: version: '2.44.0', revision: '76d78cf323ce037c5f92db6c1bba601c2ac43ad8', time: '2014-10-23 13:11:40'
System info: host: 'MTALT343', ip: '10.98.7.121', os.name: 'Windows 7', os.arch: 'amd64', os.version: '6.1', java.version: '1.8.0_40'
Driver info: org.openqa.selenium.firefox.FirefoxDriver
Capabilities [{applicationCacheEnabled=true, rotatable=false, handlesAlerts=true, databaseEnabled=true, version=33.0, platform=WINDOWS, nativeEvents=true, acceptSslCerts=true, webStorageEnabled=true, locationContextEnabled=true, browserName=firefox, takesScreenshot=true, javascriptEnabled=true, cssSelectorsEnabled=true}]
Session ID: f4d38fd6-baf9-4df5-b380-a78ebc82dc7a 
2015-08-21 16:58:19,230 INFO  [Log] browser is being launched 
2015-08-21 16:58:19,231 INFO  [Log] browser has been launched 
2015-08-21 16:59:30,915 INFO  [Log] **************************************************************************************** 
2015-08-21 16:59:30,915 INFO  [Log] **************************************************************************************** 
2015-08-21 16:59:30,915 INFO  [Log] $$$$$$$$$$$$$$$$$$$$$                 QA_58_VerizonNonEdgeExchange       $$$$$$$$$$$$$$$$$$$$$$$$$ 
2015-08-21 16:59:30,915 INFO  [Log] **************************************************************************************** 
2015-08-21 16:59:30,915 INFO  [Log] **************************************************************************************** 
2015-08-21 17:02:29,618 ERROR [Log] Element is not currently visible and so may not be interacted with
Command duration or timeout: 11 milliseconds
Build info: version: '2.44.0', revision: '76d78cf323ce037c5f92db6c1bba601c2ac43ad8', time: '2014-10-23 13:11:40'
System info: host: 'MTALT343', ip: '10.98.7.121', os.name: 'Windows 7', os.arch: 'amd64', os.version: '6.1', java.version: '1.8.0_40'
Driver info: org.openqa.selenium.firefox.FirefoxDriver
Capabilities [{applicationCacheEnabled=true, rotatable=false, handlesAlerts=true, databaseEnabled=true, version=33.0, platform=WINDOWS, nativeEvents=true, acceptSslCerts=true, webStorageEnabled=true, locationContextEnabled=true, browserName=firefox, takesScreenshot=true, javascriptEnabled=true, cssSelectorsEnabled=true}]
Session ID: a539b8f1-6703-4318-906b-ac5eaa76ab69 
2015-08-21 17:04:59,559 INFO  [Log] browser is being launched 
2015-08-21 17:04:59,561 INFO  [Log] browser has been launched 
2015-08-21 17:05:15,946 ERROR [Log] Error communicating with the remote browser. It may have died.
Build info: version: '2.44.0', revision: '76d78cf323ce037c5f92db6c1bba601c2ac43ad8', time: '2014-10-23 13:11:40'
System info: host: 'MTALT343', ip: '10.98.7.121', os.name: 'Windows 7', os.arch: 'amd64', os.version: '6.1', java.version: '1.8.0_40'
Driver info: driver.version: RemoteWebDriver 
2015-08-21 17:12:27,265 INFO  [Log] browser is being launched 
2015-08-21 17:12:27,266 INFO  [Log] browser has been launched 
2015-08-21 17:13:38,593 INFO  [Log] **************************************************************************************** 
2015-08-21 17:13:38,593 INFO  [Log] **************************************************************************************** 
2015-08-21 17:13:38,594 INFO  [Log] $$$$$$$$$$$$$$$$$$$$$                 QA_58_VerizonNonEdgeExchange       $$$$$$$$$$$$$$$$$$$$$$$$$ 
2015-08-21 17:13:38,594 INFO  [Log] **************************************************************************************** 
2015-08-21 17:13:38,594 INFO  [Log] **************************************************************************************** 
2015-08-21 17:20:03,113 ERROR [Log] Timed out after 60 seconds waiting for visibility of Proxy element for: org.openqa.selenium.support.pagefactory.DefaultElementLocator@38548b19
Build info: version: '2.44.0', revision: '76d78cf323ce037c5f92db6c1bba601c2ac43ad8', time: '2014-10-23 13:11:40'
System info: host: 'MTALT343', ip: '10.98.7.121', os.name: 'Windows 7', os.arch: 'amd64', os.version: '6.1', java.version: '1.8.0_40'
Driver info: org.openqa.selenium.firefox.FirefoxDriver
Capabilities [{applicationCacheEnabled=true, rotatable=false, handlesAlerts=true, databaseEnabled=true, version=33.0, platform=WINDOWS, nativeEvents=true, acceptSslCerts=true, webStorageEnabled=true, locationContextEnabled=true, browserName=firefox, takesScreenshot=true, javascriptEnabled=true, cssSelectorsEnabled=true}]
Session ID: 60ec6fa8-94b7-4e9d-bb03-355f545cf902 
2015-08-21 17:23:12,981 INFO  [Log] browser is being launched 
2015-08-21 17:23:12,982 INFO  [Log] browser has been launched 
2015-08-21 17:24:24,822 INFO  [Log] **************************************************************************************** 
2015-08-21 17:24:24,822 INFO  [Log] **************************************************************************************** 
2015-08-21 17:24:24,822 INFO  [Log] $$$$$$$$$$$$$$$$$$$$$                 QA_58_VerizonNonEdgeExchange       $$$$$$$$$$$$$$$$$$$$$$$$$ 
2015-08-21 17:24:24,822 INFO  [Log] **************************************************************************************** 
2015-08-21 17:24:24,822 INFO  [Log] **************************************************************************************** 
2015-08-21 17:27:12,506 ERROR [Log] Unable to locate element: {"method":"xpath","selector":"//button[@value='proceedWithUpgrade']"}
Command duration or timeout: 4.15 seconds
For documentation on this error, please visit: http://seleniumhq.org/exceptions/no_such_element.html
Build info: version: '2.44.0', revision: '76d78cf323ce037c5f92db6c1bba601c2ac43ad8', time: '2014-10-23 13:11:40'
System info: host: 'MTALT343', ip: '10.98.7.121', os.name: 'Windows 7', os.arch: 'amd64', os.version: '6.1', java.version: '1.8.0_40'
Driver info: org.openqa.selenium.firefox.FirefoxDriver
Capabilities [{applicationCacheEnabled=true, rotatable=false, handlesAlerts=true, databaseEnabled=true, version=33.0, platform=WINDOWS, nativeEvents=true, acceptSslCerts=true, webStorageEnabled=true, locationContextEnabled=true, browserName=firefox, takesScreenshot=true, javascriptEnabled=true, cssSelectorsEnabled=true}]
Session ID: 568a9eb1-d1eb-45ee-9889-6e797ab60d51 
2015-08-21 17:31:29,409 INFO  [Log] browser is being launched 
2015-08-21 17:31:29,410 INFO  [Log] browser has been launched 
2015-08-21 17:32:40,426 INFO  [Log] **************************************************************************************** 
2015-08-21 17:32:40,427 INFO  [Log] **************************************************************************************** 
2015-08-21 17:32:40,427 INFO  [Log] $$$$$$$$$$$$$$$$$$$$$                 QA_58_VerizonNonEdgeExchange       $$$$$$$$$$$$$$$$$$$$$$$$$ 
2015-08-21 17:32:40,427 INFO  [Log] **************************************************************************************** 
2015-08-21 17:32:40,427 INFO  [Log] **************************************************************************************** 
2015-08-21 17:35:44,625 ERROR [Log] Element is not currently visible and so may not be interacted with
Command duration or timeout: 11 milliseconds
Build info: version: '2.44.0', revision: '76d78cf323ce037c5f92db6c1bba601c2ac43ad8', time: '2014-10-23 13:11:40'
System info: host: 'MTALT343', ip: '10.98.7.121', os.name: 'Windows 7', os.arch: 'amd64', os.version: '6.1', java.version: '1.8.0_40'
Driver info: org.openqa.selenium.firefox.FirefoxDriver
Capabilities [{applicationCacheEnabled=true, rotatable=false, handlesAlerts=true, databaseEnabled=true, version=33.0, platform=WINDOWS, nativeEvents=true, acceptSslCerts=true, webStorageEnabled=true, locationContextEnabled=true, browserName=firefox, takesScreenshot=true, javascriptEnabled=true, cssSelectorsEnabled=true}]
Session ID: e2d92e86-bc5a-415c-ba02-c806dc3e202e 
2015-08-21 17:41:01,892 INFO  [Log] browser is being launched 
2015-08-21 17:41:01,894 INFO  [Log] browser has been launched 
2015-08-21 17:41:42,261 INFO  [Log] **************************************************************************************** 
2015-08-21 17:41:42,261 INFO  [Log] **************************************************************************************** 
2015-08-21 17:41:42,261 INFO  [Log] $$$$$$$$$$$$$$$$$$$$$                 QA_58_VerizonNonEdgeExchange       $$$$$$$$$$$$$$$$$$$$$$$$$ 
2015-08-21 17:41:42,261 INFO  [Log] **************************************************************************************** 
2015-08-21 17:41:42,261 INFO  [Log] **************************************************************************************** 
2015-08-21 17:46:20,932 INFO  [Log] browser is being launched 
2015-08-21 17:46:20,933 INFO  [Log] browser has been launched 
2015-08-21 17:47:01,258 INFO  [Log] **************************************************************************************** 
2015-08-21 17:47:01,258 INFO  [Log] **************************************************************************************** 
2015-08-21 17:47:01,258 INFO  [Log] $$$$$$$$$$$$$$$$$$$$$                 QA_58_VerizonNonEdgeExchange       $$$$$$$$$$$$$$$$$$$$$$$$$ 
2015-08-21 17:47:01,258 INFO  [Log] **************************************************************************************** 
2015-08-21 17:47:01,258 INFO  [Log] **************************************************************************************** 
2015-08-21 17:49:28,476 INFO  [Log] browser is being launched 
2015-08-21 17:49:28,477 INFO  [Log] browser has been launched 
2015-08-21 17:50:41,347 INFO  [Log] **************************************************************************************** 
2015-08-21 17:50:41,347 INFO  [Log] **************************************************************************************** 
2015-08-21 17:50:41,347 INFO  [Log] $$$$$$$$$$$$$$$$$$$$$                 QA_58_VerizonNonEdgeExchange       $$$$$$$$$$$$$$$$$$$$$$$$$ 
2015-08-21 17:50:41,347 INFO  [Log] **************************************************************************************** 
2015-08-21 17:50:41,347 INFO  [Log] **************************************************************************************** 
2015-08-21 18:01:16,029 INFO  [Log] browser is being launched 
2015-08-21 18:01:16,031 INFO  [Log] browser has been launched 
2015-08-21 18:02:28,620 INFO  [Log] **************************************************************************************** 
2015-08-21 18:02:28,620 INFO  [Log] **************************************************************************************** 
2015-08-21 18:02:28,620 INFO  [Log] $$$$$$$$$$$$$$$$$$$$$                 QA_58_VerizonNonEdgeExchange       $$$$$$$$$$$$$$$$$$$$$$$$$ 
2015-08-21 18:02:28,620 INFO  [Log] **************************************************************************************** 
2015-08-21 18:02:28,620 INFO  [Log] **************************************************************************************** 
2015-08-21 18:18:00,220 INFO  [Log] browser is being launched 
2015-08-21 18:18:00,221 INFO  [Log] browser has been launched 
2015-08-21 18:19:13,397 INFO  [Log] **************************************************************************************** 
2015-08-21 18:19:13,397 INFO  [Log] **************************************************************************************** 
2015-08-21 18:19:13,397 INFO  [Log] $$$$$$$$$$$$$$$$$$$$$                 QA_58_VerizonNonEdgeExchange       $$$$$$$$$$$$$$$$$$$$$$$$$ 
2015-08-21 18:19:13,397 INFO  [Log] **************************************************************************************** 
2015-08-21 18:19:13,397 INFO  [Log] **************************************************************************************** 
2015-08-21 18:35:26,822 INFO  [Log] browser is being launched 
2015-08-21 18:35:26,823 INFO  [Log] browser has been launched 
2015-08-21 18:36:06,979 INFO  [Log] **************************************************************************************** 
2015-08-21 18:36:06,979 INFO  [Log] **************************************************************************************** 
2015-08-21 18:36:06,979 INFO  [Log] $$$$$$$$$$$$$$$$$$$$$                 QA_58_VerizonNonEdgeExchange       $$$$$$$$$$$$$$$$$$$$$$$$$ 
2015-08-21 18:36:06,979 INFO  [Log] **************************************************************************************** 
2015-08-21 18:36:06,979 INFO  [Log] **************************************************************************************** 
2015-08-21 18:44:21,697 INFO  [Log] browser is being launched 
2015-08-21 18:44:21,698 INFO  [Log] browser has been launched 
2015-08-21 18:45:33,461 INFO  [Log] **************************************************************************************** 
2015-08-21 18:45:33,461 INFO  [Log] **************************************************************************************** 
2015-08-21 18:45:33,461 INFO  [Log] $$$$$$$$$$$$$$$$$$$$$                 QA_58_VerizonNonEdgeExchange       $$$$$$$$$$$$$$$$$$$$$$$$$ 
2015-08-21 18:45:33,461 INFO  [Log] **************************************************************************************** 
2015-08-21 18:45:33,461 INFO  [Log] **************************************************************************************** 
2015-08-21 18:52:39,412 ERROR [Log] Timed out after 120 seconds waiting for visibility of Proxy element for: org.openqa.selenium.support.pagefactory.DefaultElementLocator@4d23015c
Build info: version: '2.44.0', revision: '76d78cf323ce037c5f92db6c1bba601c2ac43ad8', time: '2014-10-23 13:11:40'
System info: host: 'MTALT343', ip: '10.98.7.121', os.name: 'Windows 7', os.arch: 'amd64', os.version: '6.1', java.version: '1.8.0_40'
Driver info: org.openqa.selenium.firefox.FirefoxDriver
Capabilities [{applicationCacheEnabled=true, rotatable=false, handlesAlerts=true, databaseEnabled=true, version=33.0, platform=WINDOWS, nativeEvents=true, acceptSslCerts=true, webStorageEnabled=true, locationContextEnabled=true, browserName=firefox, takesScreenshot=true, javascriptEnabled=true, cssSelectorsEnabled=true}]
Session ID: 2d9a95de-3c3e-4497-9ddb-ffaccccb51fa 
2015-08-21 19:05:06,593 INFO  [Log] browser is being launched 
2015-08-21 19:05:06,594 INFO  [Log] browser has been launched 
2015-08-21 19:06:18,686 INFO  [Log] **************************************************************************************** 
2015-08-21 19:06:18,686 INFO  [Log] **************************************************************************************** 
2015-08-21 19:06:18,686 INFO  [Log] $$$$$$$$$$$$$$$$$$$$$                 QA_58_VerizonNonEdgeExchange       $$$$$$$$$$$$$$$$$$$$$$$$$ 
2015-08-21 19:06:18,686 INFO  [Log] **************************************************************************************** 
2015-08-21 19:06:18,686 INFO  [Log] **************************************************************************************** 
2015-08-21 19:10:46,303 ERROR [Log] Unable to locate element: {"method":"xpath","selector":"((//th[contains(text(),'Product Description - Line 1')]/parent::tr/following-sibling::tr)[1]/child::td)[1]"}
Command duration or timeout: 13 milliseconds
For documentation on this error, please visit: http://seleniumhq.org/exceptions/no_such_element.html
Build info: version: '2.44.0', revision: '76d78cf323ce037c5f92db6c1bba601c2ac43ad8', time: '2014-10-23 13:11:40'
System info: host: 'MTALT343', ip: '10.98.7.121', os.name: 'Windows 7', os.arch: 'amd64', os.version: '6.1', java.version: '1.8.0_40'
Driver info: org.openqa.selenium.firefox.FirefoxDriver
Capabilities [{applicationCacheEnabled=true, rotatable=false, handlesAlerts=true, databaseEnabled=true, version=33.0, platform=WINDOWS, nativeEvents=true, acceptSslCerts=true, webStorageEnabled=true, locationContextEnabled=true, browserName=firefox, takesScreenshot=true, javascriptEnabled=true, cssSelectorsEnabled=true}]
Session ID: 489a6d22-93bd-493f-9ec6-f54467d7727c 
2015-08-21 19:16:23,228 INFO  [Log] browser is being launched 
2015-08-21 19:16:23,229 INFO  [Log] browser has been launched 
2015-08-21 19:17:36,375 INFO  [Log] **************************************************************************************** 
2015-08-21 19:17:36,375 INFO  [Log] **************************************************************************************** 
2015-08-21 19:17:36,375 INFO  [Log] $$$$$$$$$$$$$$$$$$$$$                 QA_58_VerizonNonEdgeExchange       $$$$$$$$$$$$$$$$$$$$$$$$$ 
2015-08-21 19:17:36,375 INFO  [Log] **************************************************************************************** 
2015-08-21 19:17:36,375 INFO  [Log] **************************************************************************************** 
2015-08-21 19:23:26,222 ERROR [Log] Unable to locate element: {"method":"id","selector":"term-wca"}
Command duration or timeout: 8.16 seconds
For documentation on this error, please visit: http://seleniumhq.org/exceptions/no_such_element.html
Build info: version: '2.44.0', revision: '76d78cf323ce037c5f92db6c1bba601c2ac43ad8', time: '2014-10-23 13:11:40'
System info: host: 'MTALT343', ip: '10.98.7.121', os.name: 'Windows 7', os.arch: 'amd64', os.version: '6.1', java.version: '1.8.0_40'
Driver info: org.openqa.selenium.firefox.FirefoxDriver
Capabilities [{applicationCacheEnabled=true, rotatable=false, handlesAlerts=true, databaseEnabled=true, version=33.0, platform=WINDOWS, nativeEvents=true, acceptSslCerts=true, webStorageEnabled=true, locationContextEnabled=true, browserName=firefox, takesScreenshot=true, javascriptEnabled=true, cssSelectorsEnabled=true}]
Session ID: a263fe86-05f2-46b9-94a1-9526c2a6cc3a 
2015-08-21 19:27:27,587 INFO  [Log] browser is being launched 
2015-08-21 19:27:27,588 INFO  [Log] browser has been launched 
2015-08-21 19:28:40,972 INFO  [Log] **************************************************************************************** 
2015-08-21 19:28:40,972 INFO  [Log] **************************************************************************************** 
2015-08-21 19:28:40,972 INFO  [Log] $$$$$$$$$$$$$$$$$$$$$                 QA_58_VerizonNonEdgeExchange       $$$$$$$$$$$$$$$$$$$$$$$$$ 
2015-08-21 19:28:40,972 INFO  [Log] **************************************************************************************** 
2015-08-21 19:28:40,972 INFO  [Log] **************************************************************************************** 
2015-08-21 19:29:10,432 ERROR [Log]  
2015-08-21 19:30:54,989 INFO  [Log] browser is being launched 
2015-08-21 19:30:54,990 INFO  [Log] browser has been launched 
2015-08-21 19:32:09,105 INFO  [Log] **************************************************************************************** 
2015-08-21 19:32:09,105 INFO  [Log] **************************************************************************************** 
2015-08-21 19:32:09,105 INFO  [Log] $$$$$$$$$$$$$$$$$$$$$                 QA_58_VerizonNonEdgeExchange       $$$$$$$$$$$$$$$$$$$$$$$$$ 
2015-08-21 19:32:09,105 INFO  [Log] **************************************************************************************** 
2015-08-21 19:32:09,105 INFO  [Log] **************************************************************************************** 
